19:02:13.793 [INFO ] [main] com.lhy.si.Application - Starting Application on PC201509121512 with PID 4596 (E:\workspace\sipack\siPay\target\classes started by Administrator in E:\workspace\sipack\siPay)
19:02:13.810 [INFO ] [main] com.lhy.si.Application - No active profile set, falling back to default profiles: default
19:02:14.180 [INFO ] [main] o.s.b.c.e.AnnotationConfigEmbeddedWebApplicationContext - Refreshing org.springframework.boot.context.embedded.AnnotationConfigEmbeddedWebApplicationContext@7bde952d: startup date [Sun Nov 26 19:02:14 CST 2017]; root of context hierarchy
19:02:14.284 [INFO ] [background-preinit] o.h.validator.internal.util.Version - HV000001: Hibernate Validator 5.3.5.Final
19:02:15.638 [INFO ] [main] o.s.d.r.c.RepositoryConfigurationDelegate - Multiple Spring Data modules found, entering strict repository configuration mode!
19:02:15.930 [WARN ] [main] o.s.c.a.ConfigurationClassPostProcessor - Cannot enhance @Configuration bean definition 'tkMybatisMapperScannerConfig' since its singleton instance has been created too early. The typical cause is a non-static @Bean method with a BeanDefinitionRegistryPostProcessor return type: Consider declaring such methods as 'static'.
19:02:16.705 [INFO ] [main] o.s.c.s.PostProcessorRegistrationDelegate$BeanPostProcessorChecker - Bean 'druidDBConfig' of type [com.lhy.si.sec.config.DruidDBConfig$$EnhancerBySpringCGLIB$$26ba4856] is not eligible for getting processed by all BeanPostProcessors (for example: not eligible for auto-proxying)
19:02:16.895 [INFO ] [main] o.s.c.s.PostProcessorRegistrationDelegate$BeanPostProcessorChecker - Bean 'dataSource' of type [com.alibaba.druid.pool.DruidDataSource] is not eligible for getting processed by all BeanPostProcessors (for example: not eligible for auto-proxying)
19:02:16.898 [INFO ] [main] o.s.c.s.PostProcessorRegistrationDelegate$BeanPostProcessorChecker - Bean 'myBatisConfig' of type [com.lhy.si.sec.config.MyBatisConfig$$EnhancerBySpringCGLIB$$d44eae29] is not eligible for getting processed by all BeanPostProcessors (for example: not eligible for auto-proxying)
19:02:17.364 [INFO ] [main] o.s.c.s.PostProcessorRegistrationDelegate$BeanPostProcessorChecker - Bean 'sqlSessionFactory' of type [org.apache.ibatis.session.defaults.DefaultSqlSessionFactory] is not eligible for getting processed by all BeanPostProcessors (for example: not eligible for auto-proxying)
19:02:17.382 [INFO ] [main] o.s.c.s.PostProcessorRegistrationDelegate$BeanPostProcessorChecker - Bean 'sqlSessionTemplate' of type [org.mybatis.spring.SqlSessionTemplate] is not eligible for getting processed by all BeanPostProcessors (for example: not eligible for auto-proxying)
19:02:17.476 [INFO ] [main] o.s.c.s.PostProcessorRegistrationDelegate$BeanPostProcessorChecker - Bean 'secUserMapper' of type [tk.mybatis.spring.mapper.MapperFactoryBean] is not eligible for getting processed by all BeanPostProcessors (for example: not eligible for auto-proxying)
19:02:17.551 [INFO ] [main] o.s.c.s.PostProcessorRegistrationDelegate$BeanPostProcessorChecker - Bean 'secUserRoleRelMapper' of type [tk.mybatis.spring.mapper.MapperFactoryBean] is not eligible for getting processed by all BeanPostProcessors (for example: not eligible for auto-proxying)
19:02:17.638 [INFO ] [main] o.s.c.s.PostProcessorRegistrationDelegate$BeanPostProcessorChecker - Bean 'secRoleMapper' of type [tk.mybatis.spring.mapper.MapperFactoryBean] is not eligible for getting processed by all BeanPostProcessors (for example: not eligible for auto-proxying)
19:02:17.640 [INFO ] [main] o.s.c.s.PostProcessorRegistrationDelegate$BeanPostProcessorChecker - Bean 'secRoleCustomMapper' of type [tk.mybatis.spring.mapper.MapperFactoryBean] is not eligible for getting processed by all BeanPostProcessors (for example: not eligible for auto-proxying)
19:02:17.695 [INFO ] [main] o.s.c.s.PostProcessorRegistrationDelegate$BeanPostProcessorChecker - Bean 'secRoleApiRelMapper' of type [tk.mybatis.spring.mapper.MapperFactoryBean] is not eligible for getting processed by all BeanPostProcessors (for example: not eligible for auto-proxying)
19:02:17.754 [INFO ] [main] o.s.c.s.PostProcessorRegistrationDelegate$BeanPostProcessorChecker - Bean 'secMenuMapper' of type [tk.mybatis.spring.mapper.MapperFactoryBean] is not eligible for getting processed by all BeanPostProcessors (for example: not eligible for auto-proxying)
19:02:17.842 [INFO ] [main] o.s.c.s.PostProcessorRegistrationDelegate$BeanPostProcessorChecker - Bean 'secApiMenuRelMapper' of type [tk.mybatis.spring.mapper.MapperFactoryBean] is not eligible for getting processed by all BeanPostProcessors (for example: not eligible for auto-proxying)
19:02:17.895 [INFO ] [main] o.s.c.s.PostProcessorRegistrationDelegate$BeanPostProcessorChecker - Bean 'secApiMapper' of type [tk.mybatis.spring.mapper.MapperFactoryBean] is not eligible for getting processed by all BeanPostProcessors (for example: not eligible for auto-proxying)
19:02:17.896 [INFO ] [main] o.s.c.s.PostProcessorRegistrationDelegate$BeanPostProcessorChecker - Bean 'secApiCustomMapper' of type [tk.mybatis.spring.mapper.MapperFactoryBean] is not eligible for getting processed by all BeanPostProcessors (for example: not eligible for auto-proxying)
19:02:18.064 [INFO ] [main] o.s.c.s.PostProcessorRegistrationDelegate$BeanPostProcessorChecker - Bean 'redisConfig' of type [com.lhy.si.sec.config.RedisConfig$$EnhancerBySpringCGLIB$$74bbbfb1] is not eligible for getting processed by all BeanPostProcessors (for example: not eligible for auto-proxying)
19:02:18.068 [INFO ] [main] o.s.c.s.PostProcessorRegistrationDelegate$BeanPostProcessorChecker - Bean 'org.springframework.cache.annotation.ProxyCachingConfiguration' of type [org.springframework.cache.annotation.ProxyCachingConfiguration$$EnhancerBySpringCGLIB$$2c126622] is not eligible for getting processed by all BeanPostProcessors (for example: not eligible for auto-proxying)
19:02:18.091 [INFO ] [main] o.s.c.s.PostProcessorRegistrationDelegate$BeanPostProcessorChecker - Bean 'org.springframework.boot.autoconfigure.cache.CacheAutoConfiguration' of type [org.springframework.boot.autoconfigure.cache.CacheAutoConfiguration$$EnhancerBySpringCGLIB$$20862ac6] is not eligible for getting processed by all BeanPostProcessors (for example: not eligible for auto-proxying)
19:02:18.127 [INFO ] [main] o.s.c.s.PostProcessorRegistrationDelegate$BeanPostProcessorChecker - Bean 'spring.cache-org.springframework.boot.autoconfigure.cache.CacheProperties' of type [org.springframework.boot.autoconfigure.cache.CacheProperties] is not eligible for getting processed by all BeanPostProcessors (for example: not eligible for auto-proxying)
19:02:18.140 [INFO ] [main] o.s.c.s.PostProcessorRegistrationDelegate$BeanPostProcessorChecker - Bean 'cacheManagerCustomizers' of type [org.springframework.boot.autoconfigure.cache.CacheManagerCustomizers] is not eligible for getting processed by all BeanPostProcessors (for example: not eligible for auto-proxying)
19:02:18.144 [INFO ] [main] o.s.c.s.PostProcessorRegistrationDelegate$BeanPostProcessorChecker - Bean 'org.springframework.boot.autoconfigure.cache.RedisCacheConfiguration' of type [org.springframework.boot.autoconfigure.cache.RedisCacheConfiguration$$EnhancerBySpringCGLIB$$d117c720] is not eligible for getting processed by all BeanPostProcessors (for example: not eligible for auto-proxying)
19:02:18.159 [INFO ] [main] o.s.c.s.PostProcessorRegistrationDelegate$BeanPostProcessorChecker - Bean 'spring.redis-org.springframework.boot.autoconfigure.data.redis.RedisProperties' of type [org.springframework.boot.autoconfigure.data.redis.RedisProperties] is not eligible for getting processed by all BeanPostProcessors (for example: not eligible for auto-proxying)
19:02:18.165 [INFO ] [main] o.s.c.s.PostProcessorRegistrationDelegate$BeanPostProcessorChecker - Bean 'org.springframework.boot.autoconfigure.data.redis.RedisAutoConfiguration$RedisConnectionConfiguration' of type [org.springframework.boot.autoconfigure.data.redis.RedisAutoConfiguration$RedisConnectionConfiguration$$EnhancerBySpringCGLIB$$76fa5713] is not eligible for getting processed by all BeanPostProcessors (for example: not eligible for auto-proxying)
19:02:18.212 [INFO ] [main] o.s.c.s.PostProcessorRegistrationDelegate$BeanPostProcessorChecker - Bean 'redisConnectionFactory' of type [org.springframework.data.redis.connection.jedis.JedisConnectionFactory] is not eligible for getting processed by all BeanPostProcessors (for example: not eligible for auto-proxying)
19:02:18.283 [INFO ] [main] o.s.c.s.PostProcessorRegistrationDelegate$BeanPostProcessorChecker - Bean 'redisTemplate' of type [org.springframework.data.redis.core.RedisTemplate] is not eligible for getting processed by all BeanPostProcessors (for example: not eligible for auto-proxying)
19:02:18.298 [INFO ] [main] o.s.c.s.PostProcessorRegistrationDelegate$BeanPostProcessorChecker - Bean 'cacheManager' of type [org.springframework.data.redis.cache.RedisCacheManager] is not eligible for getting processed by all BeanPostProcessors (for example: not eligible for auto-proxying)
19:02:18.299 [INFO ] [main] o.s.c.s.PostProcessorRegistrationDelegate$BeanPostProcessorChecker - Bean 'cacheAutoConfigurationValidator' of type [org.springframework.boot.autoconfigure.cache.CacheAutoConfiguration$CacheManagerValidator] is not eligible for getting processed by all BeanPostProcessors (for example: not eligible for auto-proxying)
19:02:18.332 [INFO ] [main] o.s.c.s.PostProcessorRegistrationDelegate$BeanPostProcessorChecker - Bean 'annotationDrivenTransactionManager' of type [org.springframework.jdbc.datasource.DataSourceTransactionManager] is not eligible for getting processed by all BeanPostProcessors (for example: not eligible for auto-proxying)
19:02:18.337 [INFO ] [main] o.s.c.s.PostProcessorRegistrationDelegate$BeanPostProcessorChecker - Bean 'org.springframework.transaction.annotation.ProxyTransactionManagementConfiguration' of type [org.springframework.transaction.annotation.ProxyTransactionManagementConfiguration$$EnhancerBySpringCGLIB$$e3003004] is not eligible for getting processed by all BeanPostProcessors (for example: not eligible for auto-proxying)
19:02:18.758 [INFO ] [main] o.s.b.c.e.t.TomcatEmbeddedServletContainer - Tomcat initialized with port(s): 8180 (http)
19:02:18.772 [INFO ] [main] o.a.catalina.core.StandardService - Starting service [Tomcat]
19:02:18.773 [INFO ] [main] o.a.catalina.core.StandardEngine - Starting Servlet Engine: Apache Tomcat/8.5.15
19:02:18.880 [INFO ] [localhost-startStop-1] o.a.c.c.C.[.[localhost].[/siPay] - Initializing Spring embedded WebApplicationContext
19:02:18.881 [INFO ] [localhost-startStop-1] o.s.web.context.ContextLoader - Root WebApplicationContext: initialization completed in 4702 ms
19:02:19.113 [INFO ] [localhost-startStop-1] o.s.b.w.s.ServletRegistrationBean - Mapping servlet: 'dispatcherServlet' to [/]
19:02:19.118 [INFO ] [localhost-startStop-1] o.s.b.w.s.FilterRegistrationBean - Mapping filter: 'characterEncodingFilter' to: [/*]
19:02:19.119 [INFO ] [localhost-startStop-1] o.s.b.w.s.FilterRegistrationBean - Mapping filter: 'hiddenHttpMethodFilter' to: [/*]
19:02:19.119 [INFO ] [localhost-startStop-1] o.s.b.w.s.FilterRegistrationBean - Mapping filter: 'httpPutFormContentFilter' to: [/*]
19:02:19.120 [INFO ] [localhost-startStop-1] o.s.b.w.s.FilterRegistrationBean - Mapping filter: 'requestContextFilter' to: [/*]
19:02:19.300 [INFO ] [main] c.l.s.common.util.NatureObjectMapper - jsonStr:[/user/register, /user/get, /swagger-resources/**, /index, /login/**, /error, /login, /, /swagger-ui.html, /index/**, /resource/**, /webjars/**, /error/**, /favicon.ico, /role/getByUserId, /v2/**, /api/getByRoleId, /user/login]--->["/user/register","/user/get","/swagger-resources/**","/index","/login/**","/error","/login","/","/swagger-ui.html","/index/**","/resource/**","/webjars/**","/error/**","/favicon.ico","/role/getByUserId","/v2/**","/api/getByRoleId","/user/login"]
19:02:29.088 [INFO ] [main] o.s.w.s.m.m.a.RequestMappingHandlerMapping - Mapped "{[/weibo/friendFeed],methods=[GET]}" onto public com.lhy.si.common.model.ResponseResult<java.lang.String> com.lhy.si.weibo.web.WeiboController.friendFeed()
19:02:29.090 [INFO ] [main] o.s.w.s.m.m.a.RequestMappingHandlerMapping - Mapped "{[/weibo/nearFeed],methods=[GET]}" onto public com.lhy.si.common.model.ResponseResult<java.lang.String> com.lhy.si.weibo.web.WeiboController.nearFeed()
19:02:29.092 [INFO ] [main] o.s.w.s.m.m.a.RequestMappingHandlerMapping - Mapped "{[/v2/api-docs],methods=[GET],produces=[application/json || application/hal+json]}" onto public org.springframework.http.ResponseEntity<springfox.documentation.spring.web.json.Json> springfox.documentation.swagger2.web.Swagger2Controller.getDocumentation(java.lang.String,javax.servlet.http.HttpServletRequest)
19:02:29.122 [INFO ] [main] o.s.w.s.m.m.a.RequestMappingHandlerMapping - Mapped "{[/swagger-resources/configuration/ui]}" onto org.springframework.http.ResponseEntity<springfox.documentation.swagger.web.UiConfiguration> springfox.documentation.swagger.web.ApiResourceController.uiConfiguration()
19:02:29.124 [INFO ] [main] o.s.w.s.m.m.a.RequestMappingHandlerMapping - Mapped "{[/swagger-resources/configuration/security]}" onto org.springframework.http.ResponseEntity<springfox.documentation.swagger.web.SecurityConfiguration> springfox.documentation.swagger.web.ApiResourceController.securityConfiguration()
19:02:29.125 [INFO ] [main] o.s.w.s.m.m.a.RequestMappingHandlerMapping - Mapped "{[/swagger-resources]}" onto org.springframework.http.ResponseEntity<java.util.List<springfox.documentation.swagger.web.SwaggerResource>> springfox.documentation.swagger.web.ApiResourceController.swaggerResources()
19:02:29.172 [INFO ] [main] o.s.w.s.m.m.a.RequestMappingHandlerMapping - Mapped "{[/error]}" onto public org.springframework.http.ResponseEntity<java.util.Map<java.lang.String, java.lang.Object>> org.springframework.boot.autoconfigure.web.BasicErrorController.error(javax.servlet.http.HttpServletRequest)
19:02:29.173 [INFO ] [main] o.s.w.s.m.m.a.RequestMappingHandlerMapping - Mapped "{[/error],produces=[text/html]}" onto public org.springframework.web.servlet.ModelAndView org.springframework.boot.autoconfigure.web.BasicErrorController.errorHtml(javax.servlet.http.HttpServletRequest,javax.servlet.http.HttpServletResponse)
19:02:29.998 [INFO ] [main] o.s.w.s.m.m.a.RequestMappingHandlerAdapter - Looking for @ControllerAdvice: org.springframework.boot.context.embedded.AnnotationConfigEmbeddedWebApplicationContext@7bde952d: startup date [Sun Nov 26 19:02:14 CST 2017]; root of context hierarchy
19:02:30.006 [INFO ] [main] o.s.w.s.m.m.a.RequestMappingHandlerAdapter - Detected ResponseBodyAdvice bean in jsonpAdvice
19:02:30.070 [INFO ] [main] o.s.w.s.h.SimpleUrlHandlerMapping - Mapped URL path [/webjars/**] onto handler of type [class org.springframework.web.servlet.resource.ResourceHttpRequestHandler]
19:02:30.070 [INFO ] [main] o.s.w.s.h.SimpleUrlHandlerMapping - Mapped URL path [/**] onto handler of type [class org.springframework.web.servlet.resource.ResourceHttpRequestHandler]
19:02:30.095 [INFO ] [main] o.s.w.s.m.m.a.ExceptionHandlerExceptionResolver - Detected @ExceptionHandler methods in globalExceptionHandler
19:02:30.096 [INFO ] [main] o.s.w.s.m.m.a.ExceptionHandlerExceptionResolver - Detected ResponseBodyAdvice implementation in jsonpAdvice
19:02:30.139 [INFO ] [main] o.s.w.s.h.SimpleUrlHandlerMapping - Mapped URL path [/**/favicon.ico] onto handler of type [class org.springframework.web.servlet.resource.ResourceHttpRequestHandler]
19:02:31.155 [WARN ] [main] o.s.b.s.r.RedisStarterDeprecationWarningAutoConfiguration - spring-boot-starter-redis is deprecated as of Spring Boot 1.4, please migrate to spring-boot-starter-data-redis
19:02:31.334 [INFO ] [main] o.s.j.e.a.AnnotationMBeanExporter - Registering beans for JMX exposure on startup
19:02:31.336 [INFO ] [main] o.s.j.e.a.AnnotationMBeanExporter - Bean with name 'dataSource' has been autodetected for JMX exposure
19:02:31.342 [INFO ] [main] o.s.j.e.a.AnnotationMBeanExporter - Located MBean 'dataSource': registering with JMX server as MBean [com.alibaba.druid.pool:name=dataSource,type=DruidDataSource]
19:02:31.346 [INFO ] [main] o.s.c.s.DefaultLifecycleProcessor - Starting beans in phase 2147483647
19:02:31.347 [INFO ] [main] s.d.s.w.p.DocumentationPluginsBootstrapper - Context refreshed
19:02:31.368 [INFO ] [main] s.d.s.w.p.DocumentationPluginsBootstrapper - Found 3 custom documentation plugin(s)
19:02:31.382 [INFO ] [main] s.d.s.w.s.ApiListingReferenceScanner - Scanning for api listing references
19:02:31.399 [INFO ] [main] s.d.s.w.s.ApiListingReferenceScanner - Scanning for api listing references
19:02:31.403 [INFO ] [main] s.d.s.w.s.ApiListingReferenceScanner - Scanning for api listing references
19:02:31.420 [INFO ] [main] o.a.coyote.http11.Http11NioProtocol - Initializing ProtocolHandler ["http-nio-8180"]
19:02:31.434 [INFO ] [main] o.a.coyote.http11.Http11NioProtocol - Starting ProtocolHandler ["http-nio-8180"]
19:02:31.447 [INFO ] [main] o.a.tomcat.util.net.NioSelectorPool - Using a shared selector for servlet write/read
19:02:31.476 [INFO ] [main] o.s.b.c.e.t.TomcatEmbeddedServletContainer - Tomcat started on port(s): 8180 (http)
19:02:31.497 [INFO ] [main] com.lhy.si.Application - Started Application in 18.126 seconds (JVM running for 18.947)
19:02:59.008 [INFO ] [http-nio-8180-exec-1] o.a.c.c.C.[.[localhost].[/siPay] - Initializing Spring FrameworkServlet 'dispatcherServlet'
19:02:59.009 [INFO ] [http-nio-8180-exec-1] o.s.web.servlet.DispatcherServlet - FrameworkServlet 'dispatcherServlet': initialization started
19:02:59.031 [INFO ] [http-nio-8180-exec-1] o.s.web.servlet.DispatcherServlet - FrameworkServlet 'dispatcherServlet': initialization completed in 22 ms
19:02:59.064 [INFO ] [http-nio-8180-exec-1] c.l.s.a.i.SecAnonInterceptor - 拦截到的url:http://127.0.0.1:8180/siPay/error
19:03:16.933 [INFO ] [http-nio-8180-exec-7] c.l.s.a.i.SecAnonInterceptor - 拦截到的url:http://127.0.0.1:8180/siPay/weibo/nearFeed
19:03:16.942 [ERROR] [http-nio-8180-exec-7] c.l.s.c.e.GlobalExceptionHandler - 
com.wisedu.zzfw.security.exception.IllegalTokenException: 请求头不包含认证信息token
	at com.lhy.si.auth.interceptor.SecAuthenticationInterceptor.checkToken(SecAuthenticationInterceptor.java:81)
	at com.lhy.si.auth.interceptor.SecAuthenticationInterceptor.preHandle(SecAuthenticationInterceptor.java:70)
	at org.springframework.web.servlet.HandlerExecutionChain.applyPreHandle(HandlerExecutionChain.java:133)
	at org.springframework.web.servlet.DispatcherServlet.doDispatch(DispatcherServlet.java:962)
	at org.springframework.web.servlet.DispatcherServlet.doService(DispatcherServlet.java:901)
	at org.springframework.web.servlet.FrameworkServlet.processRequest(FrameworkServlet.java:970)
	at org.springframework.web.servlet.FrameworkServlet.doGet(FrameworkServlet.java:861)
	at javax.servlet.http.HttpServlet.service(HttpServlet.java:635)
	at org.springframework.web.servlet.FrameworkServlet.service(FrameworkServlet.java:846)
	at javax.servlet.http.HttpServlet.service(HttpServlet.java:742)
	at org.apache.catalina.core.ApplicationFilterChain.internalDoFilter(ApplicationFilterChain.java:231)
	at org.apache.catalina.core.ApplicationFilterChain.doFilter(ApplicationFilterChain.java:166)
	at org.apache.tomcat.websocket.server.WsFilter.doFilter(WsFilter.java:52)
	at org.apache.catalina.core.ApplicationFilterChain.internalDoFilter(ApplicationFilterChain.java:193)
	at org.apache.catalina.core.ApplicationFilterChain.doFilter(ApplicationFilterChain.java:166)
	at org.springframework.web.filter.RequestContextFilter.doFilterInternal(RequestContextFilter.java:99)
	at org.springframework.web.filter.OncePerRequestFilter.doFilter(OncePerRequestFilter.java:107)
	at org.apache.catalina.core.ApplicationFilterChain.internalDoFilter(ApplicationFilterChain.java:193)
	at org.apache.catalina.core.ApplicationFilterChain.doFilter(ApplicationFilterChain.java:166)
	at org.springframework.web.filter.HttpPutFormContentFilter.doFilterInternal(HttpPutFormContentFilter.java:105)
	at org.springframework.web.filter.OncePerRequestFilter.doFilter(OncePerRequestFilter.java:107)
	at org.apache.catalina.core.ApplicationFilterChain.internalDoFilter(ApplicationFilterChain.java:193)
	at org.apache.catalina.core.ApplicationFilterChain.doFilter(ApplicationFilterChain.java:166)
	at org.springframework.web.filter.HiddenHttpMethodFilter.doFilterInternal(HiddenHttpMethodFilter.java:81)
	at org.springframework.web.filter.OncePerRequestFilter.doFilter(OncePerRequestFilter.java:107)
	at org.apache.catalina.core.ApplicationFilterChain.internalDoFilter(ApplicationFilterChain.java:193)
	at org.apache.catalina.core.ApplicationFilterChain.doFilter(ApplicationFilterChain.java:166)
	at org.springframework.web.filter.CharacterEncodingFilter.doFilterInternal(CharacterEncodingFilter.java:197)
	at org.springframework.web.filter.OncePerRequestFilter.doFilter(OncePerRequestFilter.java:107)
	at org.apache.catalina.core.ApplicationFilterChain.internalDoFilter(ApplicationFilterChain.java:193)
	at org.apache.catalina.core.ApplicationFilterChain.doFilter(ApplicationFilterChain.java:166)
	at org.apache.catalina.core.StandardWrapperValve.invoke(StandardWrapperValve.java:198)
	at org.apache.catalina.core.StandardContextValve.invoke(StandardContextValve.java:96)
	at org.apache.catalina.authenticator.AuthenticatorBase.invoke(AuthenticatorBase.java:478)
	at org.apache.catalina.core.StandardHostValve.invoke(StandardHostValve.java:140)
	at org.apache.catalina.valves.ErrorReportValve.invoke(ErrorReportValve.java:80)
	at org.apache.catalina.core.StandardEngineValve.invoke(StandardEngineValve.java:87)
	at org.apache.catalina.connector.CoyoteAdapter.service(CoyoteAdapter.java:342)
	at org.apache.coyote.http11.Http11Processor.service(Http11Processor.java:799)
	at org.apache.coyote.AbstractProcessorLight.process(AbstractProcessorLight.java:66)
	at org.apache.coyote.AbstractProtocol$ConnectionHandler.process(AbstractProtocol.java:861)
	at org.apache.tomcat.util.net.NioEndpoint$SocketProcessor.doRun(NioEndpoint.java:1455)
	at org.apache.tomcat.util.net.SocketProcessorBase.run(SocketProcessorBase.java:49)
	at java.util.concurrent.ThreadPoolExecutor.runWorker(ThreadPoolExecutor.java:1145)
	at java.util.concurrent.ThreadPoolExecutor$Worker.run(ThreadPoolExecutor.java:615)
	at org.apache.tomcat.util.threads.TaskThread$WrappingRunnable.run(TaskThread.java:61)
	at java.lang.Thread.run(Thread.java:722)
19:03:58.728 [INFO ] [RMI TCP Connection(2)-192.168.0.102] o.s.b.a.SpringApplicationAdminMXBeanRegistrar$SpringApplicationAdmin - Application shutdown requested.
19:03:58.729 [INFO ] [RMI TCP Connection(2)-192.168.0.102] o.s.b.c.e.AnnotationConfigEmbeddedWebApplicationContext - Closing org.springframework.boot.context.embedded.AnnotationConfigEmbeddedWebApplicationContext@7bde952d: startup date [Sun Nov 26 19:02:14 CST 2017]; root of context hierarchy
19:03:58.733 [INFO ] [RMI TCP Connection(2)-192.168.0.102] o.s.c.s.DefaultLifecycleProcessor - Stopping beans in phase 2147483647
19:03:58.735 [INFO ] [RMI TCP Connection(2)-192.168.0.102] o.s.j.e.a.AnnotationMBeanExporter - Unregistering JMX-exposed beans on shutdown
19:03:58.736 [INFO ] [RMI TCP Connection(2)-192.168.0.102] o.s.j.e.a.AnnotationMBeanExporter - Unregistering JMX-exposed beans
19:03:58.749 [WARN ] [RMI TCP Connection(2)-192.168.0.102] o.s.b.f.s.DisposableBeanAdapter - Invocation of destroy method 'close' failed on bean with name 'sqlSessionTemplate': java.lang.UnsupportedOperationException: Manual close is not allowed over a Spring managed SqlSession
19:04:04.930 [INFO ] [main] com.lhy.si.Application - Starting Application on PC201509121512 with PID 6480 (E:\workspace\sipack\siPay\target\classes started by Administrator in E:\workspace\sipack\siPay)
19:04:04.937 [INFO ] [main] com.lhy.si.Application - No active profile set, falling back to default profiles: default
19:04:05.271 [INFO ] [main] o.s.b.c.e.AnnotationConfigEmbeddedWebApplicationContext - Refreshing org.springframework.boot.context.embedded.AnnotationConfigEmbeddedWebApplicationContext@4a7c5889: startup date [Sun Nov 26 19:04:05 CST 2017]; root of context hierarchy
19:04:05.305 [INFO ] [background-preinit] o.h.validator.internal.util.Version - HV000001: Hibernate Validator 5.3.5.Final
19:04:06.578 [INFO ] [main] o.s.d.r.c.RepositoryConfigurationDelegate - Multiple Spring Data modules found, entering strict repository configuration mode!
19:04:06.912 [WARN ] [main] o.s.c.a.ConfigurationClassPostProcessor - Cannot enhance @Configuration bean definition 'tkMybatisMapperScannerConfig' since its singleton instance has been created too early. The typical cause is a non-static @Bean method with a BeanDefinitionRegistryPostProcessor return type: Consider declaring such methods as 'static'.
19:04:07.385 [INFO ] [main] o.s.c.s.PostProcessorRegistrationDelegate$BeanPostProcessorChecker - Bean 'druidDBConfig' of type [com.lhy.si.sec.config.DruidDBConfig$$EnhancerBySpringCGLIB$$d3f4bc1a] is not eligible for getting processed by all BeanPostProcessors (for example: not eligible for auto-proxying)
19:04:07.512 [INFO ] [main] o.s.c.s.PostProcessorRegistrationDelegate$BeanPostProcessorChecker - Bean 'dataSource' of type [com.alibaba.druid.pool.DruidDataSource] is not eligible for getting processed by all BeanPostProcessors (for example: not eligible for auto-proxying)
19:04:07.514 [INFO ] [main] o.s.c.s.PostProcessorRegistrationDelegate$BeanPostProcessorChecker - Bean 'myBatisConfig' of type [com.lhy.si.sec.config.MyBatisConfig$$EnhancerBySpringCGLIB$$818921ed] is not eligible for getting processed by all BeanPostProcessors (for example: not eligible for auto-proxying)
19:04:07.931 [INFO ] [main] o.s.c.s.PostProcessorRegistrationDelegate$BeanPostProcessorChecker - Bean 'sqlSessionFactory' of type [org.apache.ibatis.session.defaults.DefaultSqlSessionFactory] is not eligible for getting processed by all BeanPostProcessors (for example: not eligible for auto-proxying)
19:04:07.948 [INFO ] [main] o.s.c.s.PostProcessorRegistrationDelegate$BeanPostProcessorChecker - Bean 'sqlSessionTemplate' of type [org.mybatis.spring.SqlSessionTemplate] is not eligible for getting processed by all BeanPostProcessors (for example: not eligible for auto-proxying)
19:04:08.070 [INFO ] [main] o.s.c.s.PostProcessorRegistrationDelegate$BeanPostProcessorChecker - Bean 'secUserMapper' of type [tk.mybatis.spring.mapper.MapperFactoryBean] is not eligible for getting processed by all BeanPostProcessors (for example: not eligible for auto-proxying)
19:04:08.132 [INFO ] [main] o.s.c.s.PostProcessorRegistrationDelegate$BeanPostProcessorChecker - Bean 'secUserRoleRelMapper' of type [tk.mybatis.spring.mapper.MapperFactoryBean] is not eligible for getting processed by all BeanPostProcessors (for example: not eligible for auto-proxying)
19:04:08.205 [INFO ] [main] o.s.c.s.PostProcessorRegistrationDelegate$BeanPostProcessorChecker - Bean 'secRoleMapper' of type [tk.mybatis.spring.mapper.MapperFactoryBean] is not eligible for getting processed by all BeanPostProcessors (for example: not eligible for auto-proxying)
19:04:08.208 [INFO ] [main] o.s.c.s.PostProcessorRegistrationDelegate$BeanPostProcessorChecker - Bean 'secRoleCustomMapper' of type [tk.mybatis.spring.mapper.MapperFactoryBean] is not eligible for getting processed by all BeanPostProcessors (for example: not eligible for auto-proxying)
19:04:08.265 [INFO ] [main] o.s.c.s.PostProcessorRegistrationDelegate$BeanPostProcessorChecker - Bean 'secRoleApiRelMapper' of type [tk.mybatis.spring.mapper.MapperFactoryBean] is not eligible for getting processed by all BeanPostProcessors (for example: not eligible for auto-proxying)
19:04:08.323 [INFO ] [main] o.s.c.s.PostProcessorRegistrationDelegate$BeanPostProcessorChecker - Bean 'secMenuMapper' of type [tk.mybatis.spring.mapper.MapperFactoryBean] is not eligible for getting processed by all BeanPostProcessors (for example: not eligible for auto-proxying)
19:04:08.386 [INFO ] [main] o.s.c.s.PostProcessorRegistrationDelegate$BeanPostProcessorChecker - Bean 'secApiMenuRelMapper' of type [tk.mybatis.spring.mapper.MapperFactoryBean] is not eligible for getting processed by all BeanPostProcessors (for example: not eligible for auto-proxying)
19:04:08.457 [INFO ] [main] o.s.c.s.PostProcessorRegistrationDelegate$BeanPostProcessorChecker - Bean 'secApiMapper' of type [tk.mybatis.spring.mapper.MapperFactoryBean] is not eligible for getting processed by all BeanPostProcessors (for example: not eligible for auto-proxying)
19:04:08.460 [INFO ] [main] o.s.c.s.PostProcessorRegistrationDelegate$BeanPostProcessorChecker - Bean 'secApiCustomMapper' of type [tk.mybatis.spring.mapper.MapperFactoryBean] is not eligible for getting processed by all BeanPostProcessors (for example: not eligible for auto-proxying)
19:04:08.672 [INFO ] [main] o.s.c.s.PostProcessorRegistrationDelegate$BeanPostProcessorChecker - Bean 'redisConfig' of type [com.lhy.si.sec.config.RedisConfig$$EnhancerBySpringCGLIB$$21f63375] is not eligible for getting processed by all BeanPostProcessors (for example: not eligible for auto-proxying)
19:04:08.678 [INFO ] [main] o.s.c.s.PostProcessorRegistrationDelegate$BeanPostProcessorChecker - Bean 'org.springframework.cache.annotation.ProxyCachingConfiguration' of type [org.springframework.cache.annotation.ProxyCachingConfiguration$$EnhancerBySpringCGLIB$$d94cd9e6] is not eligible for getting processed by all BeanPostProcessors (for example: not eligible for auto-proxying)
19:04:08.703 [INFO ] [main] o.s.c.s.PostProcessorRegistrationDelegate$BeanPostProcessorChecker - Bean 'org.springframework.boot.autoconfigure.cache.CacheAutoConfiguration' of type [org.springframework.boot.autoconfigure.cache.CacheAutoConfiguration$$EnhancerBySpringCGLIB$$cdc09e8a] is not eligible for getting processed by all BeanPostProcessors (for example: not eligible for auto-proxying)
19:04:08.725 [INFO ] [main] o.s.c.s.PostProcessorRegistrationDelegate$BeanPostProcessorChecker - Bean 'spring.cache-org.springframework.boot.autoconfigure.cache.CacheProperties' of type [org.springframework.boot.autoconfigure.cache.CacheProperties] is not eligible for getting processed by all BeanPostProcessors (for example: not eligible for auto-proxying)
19:04:08.740 [INFO ] [main] o.s.c.s.PostProcessorRegistrationDelegate$BeanPostProcessorChecker - Bean 'cacheManagerCustomizers' of type [org.springframework.boot.autoconfigure.cache.CacheManagerCustomizers] is not eligible for getting processed by all BeanPostProcessors (for example: not eligible for auto-proxying)
19:04:08.745 [INFO ] [main] o.s.c.s.PostProcessorRegistrationDelegate$BeanPostProcessorChecker - Bean 'org.springframework.boot.autoconfigure.cache.RedisCacheConfiguration' of type [org.springframework.boot.autoconfigure.cache.RedisCacheConfiguration$$EnhancerBySpringCGLIB$$7e523ae4] is not eligible for getting processed by all BeanPostProcessors (for example: not eligible for auto-proxying)
19:04:08.763 [INFO ] [main] o.s.c.s.PostProcessorRegistrationDelegate$BeanPostProcessorChecker - Bean 'spring.redis-org.springframework.boot.autoconfigure.data.redis.RedisProperties' of type [org.springframework.boot.autoconfigure.data.redis.RedisProperties] is not eligible for getting processed by all BeanPostProcessors (for example: not eligible for auto-proxying)
19:04:08.768 [INFO ] [main] o.s.c.s.PostProcessorRegistrationDelegate$BeanPostProcessorChecker - Bean 'org.springframework.boot.autoconfigure.data.redis.RedisAutoConfiguration$RedisConnectionConfiguration' of type [org.springframework.boot.autoconfigure.data.redis.RedisAutoConfiguration$RedisConnectionConfiguration$$EnhancerBySpringCGLIB$$2434cad7] is not eligible for getting processed by all BeanPostProcessors (for example: not eligible for auto-proxying)
19:04:08.818 [INFO ] [main] o.s.c.s.PostProcessorRegistrationDelegate$BeanPostProcessorChecker - Bean 'redisConnectionFactory' of type [org.springframework.data.redis.connection.jedis.JedisConnectionFactory] is not eligible for getting processed by all BeanPostProcessors (for example: not eligible for auto-proxying)
19:04:08.866 [INFO ] [main] o.s.c.s.PostProcessorRegistrationDelegate$BeanPostProcessorChecker - Bean 'redisTemplate' of type [org.springframework.data.redis.core.RedisTemplate] is not eligible for getting processed by all BeanPostProcessors (for example: not eligible for auto-proxying)
19:04:08.897 [INFO ] [main] o.s.c.s.PostProcessorRegistrationDelegate$BeanPostProcessorChecker - Bean 'cacheManager' of type [org.springframework.data.redis.cache.RedisCacheManager] is not eligible for getting processed by all BeanPostProcessors (for example: not eligible for auto-proxying)
19:04:08.898 [INFO ] [main] o.s.c.s.PostProcessorRegistrationDelegate$BeanPostProcessorChecker - Bean 'cacheAutoConfigurationValidator' of type [org.springframework.boot.autoconfigure.cache.CacheAutoConfiguration$CacheManagerValidator] is not eligible for getting processed by all BeanPostProcessors (for example: not eligible for auto-proxying)
19:04:08.934 [INFO ] [main] o.s.c.s.PostProcessorRegistrationDelegate$BeanPostProcessorChecker - Bean 'annotationDrivenTransactionManager' of type [org.springframework.jdbc.datasource.DataSourceTransactionManager] is not eligible for getting processed by all BeanPostProcessors (for example: not eligible for auto-proxying)
19:04:08.939 [INFO ] [main] o.s.c.s.PostProcessorRegistrationDelegate$BeanPostProcessorChecker - Bean 'org.springframework.transaction.annotation.ProxyTransactionManagementConfiguration' of type [org.springframework.transaction.annotation.ProxyTransactionManagementConfiguration$$EnhancerBySpringCGLIB$$903aa3c8] is not eligible for getting processed by all BeanPostProcessors (for example: not eligible for auto-proxying)
19:04:09.391 [INFO ] [main] o.s.b.c.e.t.TomcatEmbeddedServletContainer - Tomcat initialized with port(s): 8180 (http)
19:04:09.402 [INFO ] [main] o.a.catalina.core.StandardService - Starting service [Tomcat]
19:04:09.403 [INFO ] [main] o.a.catalina.core.StandardEngine - Starting Servlet Engine: Apache Tomcat/8.5.15
19:04:09.511 [INFO ] [localhost-startStop-1] o.a.c.c.C.[.[localhost].[/siPay] - Initializing Spring embedded WebApplicationContext
19:04:09.511 [INFO ] [localhost-startStop-1] o.s.web.context.ContextLoader - Root WebApplicationContext: initialization completed in 4240 ms
19:04:09.749 [INFO ] [localhost-startStop-1] o.s.b.w.s.ServletRegistrationBean - Mapping servlet: 'dispatcherServlet' to [/]
19:04:09.756 [INFO ] [localhost-startStop-1] o.s.b.w.s.FilterRegistrationBean - Mapping filter: 'characterEncodingFilter' to: [/*]
19:04:09.757 [INFO ] [localhost-startStop-1] o.s.b.w.s.FilterRegistrationBean - Mapping filter: 'hiddenHttpMethodFilter' to: [/*]
19:04:09.757 [INFO ] [localhost-startStop-1] o.s.b.w.s.FilterRegistrationBean - Mapping filter: 'httpPutFormContentFilter' to: [/*]
19:04:09.758 [INFO ] [localhost-startStop-1] o.s.b.w.s.FilterRegistrationBean - Mapping filter: 'requestContextFilter' to: [/*]
19:04:09.978 [INFO ] [main] c.l.s.common.util.NatureObjectMapper - jsonStr:[/user/register, /user/get, /swagger-resources/**, /index, /login/**, /error, /login, /, /swagger-ui.html, /index/**, /resource/**, /webjars/**, /error/**, /favicon.ico, /role/getByUserId, /v2/**, /api/getByRoleId, /user/login]--->["/user/register","/user/get","/swagger-resources/**","/index","/login/**","/error","/login","/","/swagger-ui.html","/index/**","/resource/**","/webjars/**","/error/**","/favicon.ico","/role/getByUserId","/v2/**","/api/getByRoleId","/user/login"]
19:04:10.746 [INFO ] [main] o.s.w.s.m.m.a.RequestMappingHandlerMapping - Mapped "{[/weibo/friendFeed],methods=[GET]}" onto public com.lhy.si.common.model.ResponseResult<java.lang.String> com.lhy.si.weibo.web.WeiboController.friendFeed()
19:04:10.748 [INFO ] [main] o.s.w.s.m.m.a.RequestMappingHandlerMapping - Mapped "{[/weibo/nearFeed],methods=[GET]}" onto public com.lhy.si.common.model.ResponseResult<java.lang.String> com.lhy.si.weibo.web.WeiboController.nearFeed()
19:04:10.749 [INFO ] [main] o.s.w.s.m.m.a.RequestMappingHandlerMapping - Mapped "{[/v2/api-docs],methods=[GET],produces=[application/json || application/hal+json]}" onto public org.springframework.http.ResponseEntity<springfox.documentation.spring.web.json.Json> springfox.documentation.swagger2.web.Swagger2Controller.getDocumentation(java.lang.String,javax.servlet.http.HttpServletRequest)
19:04:10.752 [INFO ] [main] o.s.w.s.m.m.a.RequestMappingHandlerMapping - Mapped "{[/swagger-resources/configuration/security]}" onto org.springframework.http.ResponseEntity<springfox.documentation.swagger.web.SecurityConfiguration> springfox.documentation.swagger.web.ApiResourceController.securityConfiguration()
19:04:10.754 [INFO ] [main] o.s.w.s.m.m.a.RequestMappingHandlerMapping - Mapped "{[/swagger-resources/configuration/ui]}" onto org.springframework.http.ResponseEntity<springfox.documentation.swagger.web.UiConfiguration> springfox.documentation.swagger.web.ApiResourceController.uiConfiguration()
19:04:10.755 [INFO ] [main] o.s.w.s.m.m.a.RequestMappingHandlerMapping - Mapped "{[/swagger-resources]}" onto org.springframework.http.ResponseEntity<java.util.List<springfox.documentation.swagger.web.SwaggerResource>> springfox.documentation.swagger.web.ApiResourceController.swaggerResources()
19:04:10.759 [INFO ] [main] o.s.w.s.m.m.a.RequestMappingHandlerMapping - Mapped "{[/error]}" onto public org.springframework.http.ResponseEntity<java.util.Map<java.lang.String, java.lang.Object>> org.springframework.boot.autoconfigure.web.BasicErrorController.error(javax.servlet.http.HttpServletRequest)
19:04:10.759 [INFO ] [main] o.s.w.s.m.m.a.RequestMappingHandlerMapping - Mapped "{[/error],produces=[text/html]}" onto public org.springframework.web.servlet.ModelAndView org.springframework.boot.autoconfigure.web.BasicErrorController.errorHtml(javax.servlet.http.HttpServletRequest,javax.servlet.http.HttpServletResponse)
19:04:11.379 [INFO ] [main] o.s.w.s.m.m.a.RequestMappingHandlerAdapter - Looking for @ControllerAdvice: org.springframework.boot.context.embedded.AnnotationConfigEmbeddedWebApplicationContext@4a7c5889: startup date [Sun Nov 26 19:04:05 CST 2017]; root of context hierarchy
19:04:11.392 [INFO ] [main] o.s.w.s.m.m.a.RequestMappingHandlerAdapter - Detected ResponseBodyAdvice bean in jsonpAdvice
19:04:11.475 [INFO ] [main] o.s.w.s.h.SimpleUrlHandlerMapping - Mapped URL path [/webjars/**] onto handler of type [class org.springframework.web.servlet.resource.ResourceHttpRequestHandler]
19:04:11.475 [INFO ] [main] o.s.w.s.h.SimpleUrlHandlerMapping - Mapped URL path [/**] onto handler of type [class org.springframework.web.servlet.resource.ResourceHttpRequestHandler]
19:04:11.513 [INFO ] [main] o.s.w.s.m.m.a.ExceptionHandlerExceptionResolver - Detected @ExceptionHandler methods in globalExceptionHandler
19:04:11.514 [INFO ] [main] o.s.w.s.m.m.a.ExceptionHandlerExceptionResolver - Detected ResponseBodyAdvice implementation in jsonpAdvice
19:04:11.556 [INFO ] [main] o.s.w.s.h.SimpleUrlHandlerMapping - Mapped URL path [/**/favicon.ico] onto handler of type [class org.springframework.web.servlet.resource.ResourceHttpRequestHandler]
19:04:12.422 [WARN ] [main] o.s.b.s.r.RedisStarterDeprecationWarningAutoConfiguration - spring-boot-starter-redis is deprecated as of Spring Boot 1.4, please migrate to spring-boot-starter-data-redis
19:04:12.647 [INFO ] [main] o.s.j.e.a.AnnotationMBeanExporter - Registering beans for JMX exposure on startup
19:04:12.648 [INFO ] [main] o.s.j.e.a.AnnotationMBeanExporter - Bean with name 'dataSource' has been autodetected for JMX exposure
19:04:12.654 [INFO ] [main] o.s.j.e.a.AnnotationMBeanExporter - Located MBean 'dataSource': registering with JMX server as MBean [com.alibaba.druid.pool:name=dataSource,type=DruidDataSource]
19:04:12.658 [INFO ] [main] o.s.c.s.DefaultLifecycleProcessor - Starting beans in phase 2147483647
19:04:12.659 [INFO ] [main] s.d.s.w.p.DocumentationPluginsBootstrapper - Context refreshed
19:04:12.679 [INFO ] [main] s.d.s.w.p.DocumentationPluginsBootstrapper - Found 2 custom documentation plugin(s)
19:04:12.692 [INFO ] [main] s.d.s.w.s.ApiListingReferenceScanner - Scanning for api listing references
19:04:12.707 [INFO ] [main] s.d.s.w.s.ApiListingReferenceScanner - Scanning for api listing references
19:04:12.831 [INFO ] [main] o.a.coyote.http11.Http11NioProtocol - Initializing ProtocolHandler ["http-nio-8180"]
19:04:12.846 [INFO ] [main] o.a.coyote.http11.Http11NioProtocol - Starting ProtocolHandler ["http-nio-8180"]
19:04:12.856 [INFO ] [main] o.a.tomcat.util.net.NioSelectorPool - Using a shared selector for servlet write/read
19:04:12.889 [INFO ] [main] o.s.b.c.e.t.TomcatEmbeddedServletContainer - Tomcat started on port(s): 8180 (http)
19:04:12.896 [INFO ] [main] com.lhy.si.Application - Started Application in 8.292 seconds (JVM running for 9.134)
19:04:27.174 [INFO ] [http-nio-8180-exec-1] o.a.c.c.C.[.[localhost].[/siPay] - Initializing Spring FrameworkServlet 'dispatcherServlet'
19:04:27.174 [INFO ] [http-nio-8180-exec-1] o.s.web.servlet.DispatcherServlet - FrameworkServlet 'dispatcherServlet': initialization started
19:04:27.193 [INFO ] [http-nio-8180-exec-1] o.s.web.servlet.DispatcherServlet - FrameworkServlet 'dispatcherServlet': initialization completed in 19 ms
19:04:27.982 [INFO ] [http-nio-8180-exec-10] c.l.s.a.i.SecAnonInterceptor - 拦截到的url:http://127.0.0.1:8180/siPay/swagger-resources/configuration/ui
19:04:28.107 [INFO ] [http-nio-8180-exec-4] c.l.s.a.i.SecAnonInterceptor - 拦截到的url:http://127.0.0.1:8180/siPay/swagger-resources
19:04:28.131 [INFO ] [http-nio-8180-exec-7] c.l.s.a.i.SecAnonInterceptor - 拦截到的url:http://127.0.0.1:8180/siPay/v2/api-docs
19:04:28.215 [INFO ] [http-nio-8180-exec-6] c.l.s.a.i.SecAnonInterceptor - 拦截到的url:http://127.0.0.1:8180/siPay/swagger-resources/configuration/security
19:04:35.326 [INFO ] [http-nio-8180-exec-9] c.l.s.a.i.SecAnonInterceptor - 拦截到的url:http://127.0.0.1:8180/siPay/v2/api-docs
19:04:35.447 [INFO ] [http-nio-8180-exec-2] c.l.s.a.i.SecAnonInterceptor - 拦截到的url:http://127.0.0.1:8180/siPay/swagger-resources/configuration/security
19:04:45.502 [INFO ] [http-nio-8180-exec-5] c.l.s.a.i.SecAnonInterceptor - 拦截到的url:http://127.0.0.1:8180/siPay/weibo/friendFeed
19:04:45.539 [INFO ] [http-nio-8180-exec-5] c.l.s.a.i.SecAuthenticationInterceptor - 从请求头token中获取到userId:1
19:04:45.930 [INFO ] [http-nio-8180-exec-5] c.l.s.c.h.SimpleRestTemplateFactory - restTemplate开始请求url：http://127.0.0.1:8080/secServer/api/getByRoleId?roleId=2
19:04:46.057 [INFO ] [http-nio-8180-exec-5] c.l.s.c.h.SimpleRestTemplateFactory - restTemplate返回数据：{"ret":"0","msg":null,"data":[]}
19:04:46.088 [ERROR] [http-nio-8180-exec-5] c.l.s.c.e.GlobalExceptionHandler - 
com.lhy.si.common.exception.SiException: 用户：1没有访问api：/siPay/weibo/friendFeed的权限
	at com.lhy.si.auth.interceptor.SecAuthorizationInterceptor.preHandle(SecAuthorizationInterceptor.java:88)
	at org.springframework.web.servlet.HandlerExecutionChain.applyPreHandle(HandlerExecutionChain.java:133)
	at org.springframework.web.servlet.DispatcherServlet.doDispatch(DispatcherServlet.java:962)
	at org.springframework.web.servlet.DispatcherServlet.doService(DispatcherServlet.java:901)
	at org.springframework.web.servlet.FrameworkServlet.processRequest(FrameworkServlet.java:970)
	at org.springframework.web.servlet.FrameworkServlet.doGet(FrameworkServlet.java:861)
	at javax.servlet.http.HttpServlet.service(HttpServlet.java:635)
	at org.springframework.web.servlet.FrameworkServlet.service(FrameworkServlet.java:846)
	at javax.servlet.http.HttpServlet.service(HttpServlet.java:742)
	at org.apache.catalina.core.ApplicationFilterChain.internalDoFilter(ApplicationFilterChain.java:231)
	at org.apache.catalina.core.ApplicationFilterChain.doFilter(ApplicationFilterChain.java:166)
	at org.apache.tomcat.websocket.server.WsFilter.doFilter(WsFilter.java:52)
	at org.apache.catalina.core.ApplicationFilterChain.internalDoFilter(ApplicationFilterChain.java:193)
	at org.apache.catalina.core.ApplicationFilterChain.doFilter(ApplicationFilterChain.java:166)
	at org.springframework.web.filter.RequestContextFilter.doFilterInternal(RequestContextFilter.java:99)
	at org.springframework.web.filter.OncePerRequestFilter.doFilter(OncePerRequestFilter.java:107)
	at org.apache.catalina.core.ApplicationFilterChain.internalDoFilter(ApplicationFilterChain.java:193)
	at org.apache.catalina.core.ApplicationFilterChain.doFilter(ApplicationFilterChain.java:166)
	at org.springframework.web.filter.HttpPutFormContentFilter.doFilterInternal(HttpPutFormContentFilter.java:105)
	at org.springframework.web.filter.OncePerRequestFilter.doFilter(OncePerRequestFilter.java:107)
	at org.apache.catalina.core.ApplicationFilterChain.internalDoFilter(ApplicationFilterChain.java:193)
	at org.apache.catalina.core.ApplicationFilterChain.doFilter(ApplicationFilterChain.java:166)
	at org.springframework.web.filter.HiddenHttpMethodFilter.doFilterInternal(HiddenHttpMethodFilter.java:81)
	at org.springframework.web.filter.OncePerRequestFilter.doFilter(OncePerRequestFilter.java:107)
	at org.apache.catalina.core.ApplicationFilterChain.internalDoFilter(ApplicationFilterChain.java:193)
	at org.apache.catalina.core.ApplicationFilterChain.doFilter(ApplicationFilterChain.java:166)
	at org.springframework.web.filter.CharacterEncodingFilter.doFilterInternal(CharacterEncodingFilter.java:197)
	at org.springframework.web.filter.OncePerRequestFilter.doFilter(OncePerRequestFilter.java:107)
	at org.apache.catalina.core.ApplicationFilterChain.internalDoFilter(ApplicationFilterChain.java:193)
	at org.apache.catalina.core.ApplicationFilterChain.doFilter(ApplicationFilterChain.java:166)
	at org.apache.catalina.core.StandardWrapperValve.invoke(StandardWrapperValve.java:198)
	at org.apache.catalina.core.StandardContextValve.invoke(StandardContextValve.java:96)
	at org.apache.catalina.authenticator.AuthenticatorBase.invoke(AuthenticatorBase.java:478)
	at org.apache.catalina.core.StandardHostValve.invoke(StandardHostValve.java:140)
	at org.apache.catalina.valves.ErrorReportValve.invoke(ErrorReportValve.java:80)
	at org.apache.catalina.core.StandardEngineValve.invoke(StandardEngineValve.java:87)
	at org.apache.catalina.connector.CoyoteAdapter.service(CoyoteAdapter.java:342)
	at org.apache.coyote.http11.Http11Processor.service(Http11Processor.java:799)
	at org.apache.coyote.AbstractProcessorLight.process(AbstractProcessorLight.java:66)
	at org.apache.coyote.AbstractProtocol$ConnectionHandler.process(AbstractProtocol.java:861)
	at org.apache.tomcat.util.net.NioEndpoint$SocketProcessor.doRun(NioEndpoint.java:1455)
	at org.apache.tomcat.util.net.SocketProcessorBase.run(SocketProcessorBase.java:49)
	at java.util.concurrent.ThreadPoolExecutor.runWorker(ThreadPoolExecutor.java:1145)
	at java.util.concurrent.ThreadPoolExecutor$Worker.run(ThreadPoolExecutor.java:615)
	at org.apache.tomcat.util.threads.TaskThread$WrappingRunnable.run(TaskThread.java:61)
	at java.lang.Thread.run(Thread.java:722)
19:06:03.299 [INFO ] [http-nio-8180-exec-9] c.l.s.a.i.SecAnonInterceptor - 拦截到的url:http://127.0.0.1:8180/siPay/weibo/friendFeed
19:06:03.301 [INFO ] [http-nio-8180-exec-9] c.l.s.a.i.SecAuthenticationInterceptor - 从请求头token中获取到userId:1
19:06:03.316 [INFO ] [http-nio-8180-exec-9] c.l.s.c.h.SimpleRestTemplateFactory - restTemplate开始请求url：http://127.0.0.1:8080/secServer/user/get?id=1
19:06:03.358 [INFO ] [http-nio-8180-exec-9] c.l.s.c.h.SimpleRestTemplateFactory - restTemplate返回数据：{"ret":"0","msg":null,"data":{"id":1,"nickName":null,"password":"1","sex":null,"avatar":null,"vipType":null,"money":null,"interest":null,"addProvince":null,"addCity":null,"addArea":null,"addSchool":null,"email":"1234555555","phone":null,"qq":null,"wechat":null,"score":null,"status":0,"regIp":null,"createTime":null,"updateTime":null}}
19:06:03.380 [INFO ] [http-nio-8180-exec-9] c.l.s.c.h.SimpleRestTemplateFactory - restTemplate开始请求url：http://127.0.0.1:8080/secServer/role/getByUserId?userId=1
19:06:03.412 [INFO ] [http-nio-8180-exec-9] c.l.s.c.h.SimpleRestTemplateFactory - restTemplate返回数据：{"ret":"0","msg":null,"data":[{"roleId":1,"roleName":"管理员","roleType":null,"status":null,"createTime":null},{"roleId":2,"roleName":"学生","roleType":null,"status":null,"createTime":null}]}
19:06:03.417 [INFO ] [http-nio-8180-exec-9] c.l.s.c.h.SimpleRestTemplateFactory - restTemplate开始请求url：http://127.0.0.1:8080/secServer/api/getByRoleId?roleId=1
19:06:03.433 [INFO ] [http-nio-8180-exec-9] c.l.s.c.h.SimpleRestTemplateFactory - restTemplate返回数据：{"ret":"0","msg":null,"data":[{"apiId":null,"apiName":null,"apiType":null,"apiPath":"/secServer/user/get","status":null,"createTime":null},{"apiId":null,"apiName":null,"apiType":null,"apiPath":"/secServer/user/list","status":null,"createTime":null},{"apiId":null,"apiName":null,"apiType":null,"apiPath":"/siPay/weibo/nearFeed","status":null,"createTime":null}]}
19:06:03.439 [INFO ] [http-nio-8180-exec-9] c.l.s.c.h.SimpleRestTemplateFactory - restTemplate开始请求url：http://127.0.0.1:8080/secServer/api/getByRoleId?roleId=2
19:06:03.453 [INFO ] [http-nio-8180-exec-9] c.l.s.c.h.SimpleRestTemplateFactory - restTemplate返回数据：{"ret":"0","msg":null,"data":[]}
19:06:03.456 [ERROR] [http-nio-8180-exec-9] c.l.s.c.e.GlobalExceptionHandler - 
com.lhy.si.common.exception.SiException: 用户：1没有访问api：/siPay/weibo/friendFeed的权限
	at com.lhy.si.auth.interceptor.SecAuthorizationInterceptor.preHandle(SecAuthorizationInterceptor.java:88)
	at org.springframework.web.servlet.HandlerExecutionChain.applyPreHandle(HandlerExecutionChain.java:133)
	at org.springframework.web.servlet.DispatcherServlet.doDispatch(DispatcherServlet.java:962)
	at org.springframework.web.servlet.DispatcherServlet.doService(DispatcherServlet.java:901)
	at org.springframework.web.servlet.FrameworkServlet.processRequest(FrameworkServlet.java:970)
	at org.springframework.web.servlet.FrameworkServlet.doGet(FrameworkServlet.java:861)
	at javax.servlet.http.HttpServlet.service(HttpServlet.java:635)
	at org.springframework.web.servlet.FrameworkServlet.service(FrameworkServlet.java:846)
	at javax.servlet.http.HttpServlet.service(HttpServlet.java:742)
	at org.apache.catalina.core.ApplicationFilterChain.internalDoFilter(ApplicationFilterChain.java:231)
	at org.apache.catalina.core.ApplicationFilterChain.doFilter(ApplicationFilterChain.java:166)
	at org.apache.tomcat.websocket.server.WsFilter.doFilter(WsFilter.java:52)
	at org.apache.catalina.core.ApplicationFilterChain.internalDoFilter(ApplicationFilterChain.java:193)
	at org.apache.catalina.core.ApplicationFilterChain.doFilter(ApplicationFilterChain.java:166)
	at org.springframework.web.filter.RequestContextFilter.doFilterInternal(RequestContextFilter.java:99)
	at org.springframework.web.filter.OncePerRequestFilter.doFilter(OncePerRequestFilter.java:107)
	at org.apache.catalina.core.ApplicationFilterChain.internalDoFilter(ApplicationFilterChain.java:193)
	at org.apache.catalina.core.ApplicationFilterChain.doFilter(ApplicationFilterChain.java:166)
	at org.springframework.web.filter.HttpPutFormContentFilter.doFilterInternal(HttpPutFormContentFilter.java:105)
	at org.springframework.web.filter.OncePerRequestFilter.doFilter(OncePerRequestFilter.java:107)
	at org.apache.catalina.core.ApplicationFilterChain.internalDoFilter(ApplicationFilterChain.java:193)
	at org.apache.catalina.core.ApplicationFilterChain.doFilter(ApplicationFilterChain.java:166)
	at org.springframework.web.filter.HiddenHttpMethodFilter.doFilterInternal(HiddenHttpMethodFilter.java:81)
	at org.springframework.web.filter.OncePerRequestFilter.doFilter(OncePerRequestFilter.java:107)
	at org.apache.catalina.core.ApplicationFilterChain.internalDoFilter(ApplicationFilterChain.java:193)
	at org.apache.catalina.core.ApplicationFilterChain.doFilter(ApplicationFilterChain.java:166)
	at org.springframework.web.filter.CharacterEncodingFilter.doFilterInternal(CharacterEncodingFilter.java:197)
	at org.springframework.web.filter.OncePerRequestFilter.doFilter(OncePerRequestFilter.java:107)
	at org.apache.catalina.core.ApplicationFilterChain.internalDoFilter(ApplicationFilterChain.java:193)
	at org.apache.catalina.core.ApplicationFilterChain.doFilter(ApplicationFilterChain.java:166)
	at org.apache.catalina.core.StandardWrapperValve.invoke(StandardWrapperValve.java:198)
	at org.apache.catalina.core.StandardContextValve.invoke(StandardContextValve.java:96)
	at org.apache.catalina.authenticator.AuthenticatorBase.invoke(AuthenticatorBase.java:478)
	at org.apache.catalina.core.StandardHostValve.invoke(StandardHostValve.java:140)
	at org.apache.catalina.valves.ErrorReportValve.invoke(ErrorReportValve.java:80)
	at org.apache.catalina.core.StandardEngineValve.invoke(StandardEngineValve.java:87)
	at org.apache.catalina.connector.CoyoteAdapter.service(CoyoteAdapter.java:342)
	at org.apache.coyote.http11.Http11Processor.service(Http11Processor.java:799)
	at org.apache.coyote.AbstractProcessorLight.process(AbstractProcessorLight.java:66)
	at org.apache.coyote.AbstractProtocol$ConnectionHandler.process(AbstractProtocol.java:861)
	at org.apache.tomcat.util.net.NioEndpoint$SocketProcessor.doRun(NioEndpoint.java:1455)
	at org.apache.tomcat.util.net.SocketProcessorBase.run(SocketProcessorBase.java:49)
	at java.util.concurrent.ThreadPoolExecutor.runWorker(ThreadPoolExecutor.java:1145)
	at java.util.concurrent.ThreadPoolExecutor$Worker.run(ThreadPoolExecutor.java:615)
	at org.apache.tomcat.util.threads.TaskThread$WrappingRunnable.run(TaskThread.java:61)
	at java.lang.Thread.run(Thread.java:722)
19:06:34.277 [INFO ] [http-nio-8180-exec-2] c.l.s.a.i.SecAnonInterceptor - 拦截到的url:http://127.0.0.1:8180/siPay/weibo/friendFeed
19:06:34.281 [INFO ] [http-nio-8180-exec-2] c.l.s.a.i.SecAuthenticationInterceptor - 从请求头token中获取到userId:1
19:06:34.297 [INFO ] [http-nio-8180-exec-2] c.l.s.c.h.SimpleRestTemplateFactory - restTemplate开始请求url：http://127.0.0.1:8080/secServer/user/get?id=1
19:06:34.313 [INFO ] [http-nio-8180-exec-2] c.l.s.c.h.SimpleRestTemplateFactory - restTemplate返回数据：{"ret":"0","msg":null,"data":{"id":1,"nickName":null,"password":"1","sex":null,"avatar":null,"vipType":null,"money":null,"interest":null,"addProvince":null,"addCity":null,"addArea":null,"addSchool":null,"email":"1234555555","phone":null,"qq":null,"wechat":null,"score":null,"status":0,"regIp":null,"createTime":null,"updateTime":null}}
19:06:34.318 [INFO ] [http-nio-8180-exec-2] c.l.s.c.h.SimpleRestTemplateFactory - restTemplate开始请求url：http://127.0.0.1:8080/secServer/role/getByUserId?userId=1
19:06:34.329 [INFO ] [http-nio-8180-exec-2] c.l.s.c.h.SimpleRestTemplateFactory - restTemplate返回数据：{"ret":"0","msg":null,"data":[{"roleId":1,"roleName":"管理员","roleType":null,"status":null,"createTime":null},{"roleId":2,"roleName":"学生","roleType":null,"status":null,"createTime":null}]}
19:06:34.331 [INFO ] [http-nio-8180-exec-2] c.l.s.c.h.SimpleRestTemplateFactory - restTemplate开始请求url：http://127.0.0.1:8080/secServer/api/getByRoleId?roleId=1
19:06:34.340 [INFO ] [http-nio-8180-exec-2] c.l.s.c.h.SimpleRestTemplateFactory - restTemplate返回数据：{"ret":"0","msg":null,"data":[{"apiId":null,"apiName":null,"apiType":null,"apiPath":"/secServer/user/get","status":null,"createTime":null},{"apiId":null,"apiName":null,"apiType":null,"apiPath":"/secServer/user/list","status":null,"createTime":null},{"apiId":null,"apiName":null,"apiType":null,"apiPath":"/siPay/weibo/friendFeed","status":null,"createTime":null}]}
19:08:39.373 [INFO ] [RMI TCP Connection(2)-192.168.0.102] o.s.b.a.SpringApplicationAdminMXBeanRegistrar$SpringApplicationAdmin - Application shutdown requested.
19:08:39.374 [INFO ] [RMI TCP Connection(2)-192.168.0.102] o.s.b.c.e.AnnotationConfigEmbeddedWebApplicationContext - Closing org.springframework.boot.context.embedded.AnnotationConfigEmbeddedWebApplicationContext@4a7c5889: startup date [Sun Nov 26 19:04:05 CST 2017]; root of context hierarchy
19:08:39.377 [INFO ] [RMI TCP Connection(2)-192.168.0.102] o.s.c.s.DefaultLifecycleProcessor - Stopping beans in phase 2147483647
19:08:39.379 [INFO ] [RMI TCP Connection(2)-192.168.0.102] o.s.j.e.a.AnnotationMBeanExporter - Unregistering JMX-exposed beans on shutdown
19:08:39.380 [INFO ] [RMI TCP Connection(2)-192.168.0.102] o.s.j.e.a.AnnotationMBeanExporter - Unregistering JMX-exposed beans
19:08:39.389 [WARN ] [RMI TCP Connection(2)-192.168.0.102] o.s.b.f.s.DisposableBeanAdapter - Invocation of destroy method 'close' failed on bean with name 'sqlSessionTemplate': java.lang.UnsupportedOperationException: Manual close is not allowed over a Spring managed SqlSession
